<?xml version="1.0" encoding="UTF-8"?>
<!-- Generated by org.testng.reporters.JUnitReportReporter -->
<testsuite skipped="0" hostname="Globalgarner" name="Assignments.MakeMyTripProject" tests="1" failures="0" timestamp="09 Jan 2020 13:47:08 GMT" time="4.317" errors="0">
  <testcase name="datePickerTest" time="4.317" classname="Assignments.MakeMyTripProject"/>
</testsuite> <!-- Assignments.MakeMyTripProject -->
