<?xml version="1.0" encoding="UTF-8"?>
<!-- Generated by org.testng.reporters.JUnitReportReporter -->
<testsuite skipped="0" hostname="Globalgarner" name="testing.firsttest" tests="1" failures="0" timestamp="02 Jan 2020 11:00:11 GMT" time="7.868" errors="0">
  <testcase name="f" time="7.868" classname="testing.firsttest"/>
</testsuite> <!-- testing.firsttest -->
