<?xml version="1.0" encoding="UTF-8"?>
<!-- Generated by org.testng.reporters.JUnitReportReporter -->
<testsuite skipped="0" hostname="Globalgarner" name="testing.demo" tests="3" failures="0" timestamp="03 Jan 2020 05:10:42 GMT" time="45.947" errors="0">
  <testcase name="login" time="0.590" classname="testing.demo"/>
  <testcase name="logincheck" time="27.189" classname="testing.demo"/>
  <testcase name="logout" time="18.168" classname="testing.demo"/>
</testsuite> <!-- testing.demo -->
